<?xml version="1.0" encoding="UTF-8"?>
<!-- Generated by org.testng.reporters.JUnitReportReporter -->
<testsuite hostname="admin-PC" name="testng.Class1" tests="1" failures="0" timestamp="30 Dec 2018 17:35:01 GMT" time="17.076" errors="0">
  <testcase name="TC2" time="17.076" classname="testng.Class1"/>
</testsuite> <!-- testng.Class1 -->
