<?xml version="1.0" encoding="UTF-8"?>
<!-- Generated by org.testng.reporters.JUnitReportReporter -->
<testsuite hostname="admin-PC" name="testng.Sample1" tests="2" failures="0" timestamp="30 Dec 2018 17:29:11 GMT" time="0.108" errors="0">
  <testcase name="TC2" time="0.003" classname="testng.Sample1"/>
  <testcase name="TC1" time="0.105" classname="testng.Sample1"/>
</testsuite> <!-- testng.Sample1 -->
