<?xml version="1.0" encoding="UTF-8"?>
<!-- Generated by org.testng.reporters.JUnitReportReporter -->
<testsuite hostname="admin-PC" name="testng.Sample2" tests="2" failures="0" timestamp="30 Dec 2018 17:29:11 GMT" time="0.032" errors="0">
  <testcase name="TC3" time="0.024" classname="testng.Sample2"/>
  <testcase name="TC4" time="0.008" classname="testng.Sample2"/>
</testsuite> <!-- testng.Sample2 -->
