<?xml version="1.0" encoding="UTF-8"?>
<!-- Generated by org.testng.reporters.JUnitReportReporter -->
<testsuite hostname="admin-PC" name="testng.Class2" tests="2" failures="0" timestamp="30 Dec 2018 17:35:01 GMT" time="0.013" errors="0">
  <testcase name="TC3" time="0.011" classname="testng.Class2"/>
  <testcase name="TC4" time="0.002" classname="testng.Class2"/>
</testsuite> <!-- testng.Class2 -->
